<?xml version="1.0" encoding="UTF-8"?>
<testsuite xmlns:xsi="http://www.w3.org/2001/XMLSchema-instance" xsi:noNamespaceSchemaLocation="https://maven.apache.org/surefire/maven-surefire-plugin/xsd/surefire-test-report.xsd" version="3.0.2" name="compressor.algorithms.WebDictCompressorTest" time="0.03" tests="10" errors="0" skipped="0" failures="0">
  <properties>
[...]
</properties>
  <testcase name="testEmptyData" classname="compressor.algorithms.WebDictCompressorTest" time="0.0"/>
  <testcase name="testCompareWithBrotli" classname="compressor.algorithms.WebDictCompressorTest" time="0.01">
    <system-out><![CDATA[

╔══════════════════════════════════════════════════════════════════╗
║           WebDictCompressor.compress 开始                    ║
╚══════════════════════════════════════════════════════════════════╝
[原始数据] 长度=226 bytes

========== 压缩过程 ==========
[输入] 226 bytes
[WebDictionary] 初始化完成，共 112 个词条
[MATCH  ] pos=16 '<html>' -> token=[0x80-><html>] 节省=5
[MATCH  ] pos=23 '<head>' -> token=[0x82-><head>] 节省=5
[MATCH  ] pos=34 '<meta ' -> token=[0x9F-><meta ] 节省=5
[MATCH  ] pos=40 'charset="utf-8"' -> token=[0xB6->charset="utf-8"] 节省=14
[MATCH  ] pos=86 '</head>' -> token=[0x83-></head>] 节省=6
[MATCH  ] pos=94 '<body>' -> token=[0x84-><body>] 节省=5
[MATCH  ] pos=110 'class="' -> token=[0xAC->class="] 节省=6
[MATCH  ] pos=137 '<h1>' -> token=[0xA8-><h1>] 节省=3
[MATCH  ] pos=152 '</h1>' -> token=[0xA9-></h1>] 节省=4
[MATCH  ] pos=166 '<p>' -> token=[0x8A-><p>] 节省=2
[MATCH  ] pos=194 '</p>' -> token=[0x8B-></p>] 节省=3
[MATCH  ] pos=203 '</div>' -> token=[0x87-></div>] 节省=5
[MATCH  ] pos=210 '</body>' -> token=[0x85-></body>] 节省=6
[MATCH  ] pos=218 '</html>' -> token=[0x81-></html>] 节省=6
[输出] 151 bytes
==============================


[压缩统计]
  - 匹配次数: 14
  - 节省字节: 75
[最终结果] 原始=226 压缩后=156 压缩率=30.97%
╔══════════════════════════════════════════════════════════════════╗
║           WebDictCompressor.compress 结束                    ║
╚══════════════════════════════════════════════════════════════════╝



╔══════════════════════════════════════════════════════════════════╗
║           BrotliCompressor.compress 开始                       ║
╚══════════════════════════════════════════════════════════════════╝
[原始数据] 长度=226 bytes
[压缩结果] 压缩后=160 bytes
[压缩比]   29.20%
╔══════════════════════════════════════════════════════════════════╗
║           BrotliCompressor.compress 结束                        ║
╚══════════════════════════════════════════════════════════════════╝

Comparison:
Original: 226
WebDict: 156 (30.97%)
Brotli: 160 (29.20%)


╔══════════════════════════════════════════════════════════════════╗
║           WebDictCompressor.decompress 开始                   ║
╚══════════════════════════════════════════════════════════════════╝
[压缩数据] 长度=156 bytes

========== 解压过程 ==========
[输入] 151 bytes
[MATCH  ] pos=16 token=[0x80-><html>] -> '<html>'
[MATCH  ] pos=18 token=[0x82-><head>] -> '<head>'
[MATCH  ] pos=24 token=[0x9F-><meta ] -> '<meta '
[MATCH  ] pos=25 token=[0xB6->charset="utf-8"] -> 'charset="utf-8"'
[MATCH  ] pos=57 token=[0x83-></head>] -> '</head>'
[MATCH  ] pos=59 token=[0x84-><body>] -> '<body>'
[MATCH  ] pos=70 token=[0xAC->class="] -> 'class="'
[MATCH  ] pos=91 token=[0xA8-><h1>] -> '<h1>'
[MATCH  ] pos=103 token=[0xA9-></h1>] -> '</h1>'
[MATCH  ] pos=113 token=[0x8A-><p>] -> '<p>'
[MATCH  ] pos=139 token=[0x8B-></p>] -> '</p>'
[MATCH  ] pos=145 token=[0x87-></div>] -> '</div>'
[MATCH  ] pos=147 token=[0x85-></body>] -> '</body>'
[MATCH  ] pos=149 token=[0x81-></html>] -> '</html>'
[输出] 226 bytes
=============================


[解压结果] 还原后=226 bytes
╔══════════════════════════════════════════════════════════════════╗
║           WebDictCompressor.decompress 结束                   ║
╚══════════════════════════════════════════════════════════════════╝



╔══════════════════════════════════════════════════════════════════╗
║           BrotliCompressor.decompress 开始                      ║
╚══════════════════════════════════════════════════════════════════╝
[压缩数据] 长度=160 bytes
[解压结果] 还原后=226 bytes
╔══════════════════════════════════════════════════════════════════╗
║           BrotliCompressor.decompress 结束                      ║
╚══════════════════════════════════════════════════════════════════╝

]]></system-out>
  </testcase>
  <testcase name="testCompressAndDecompressComplexHTML" classname="compressor.algorithms.WebDictCompressorTest" time="0.005">
    <system-out><![CDATA[

╔══════════════════════════════════════════════════════════════════╗
║           WebDictCompressor.compress 开始                    ║
╚══════════════════════════════════════════════════════════════════╝
[原始数据] 长度=382 bytes

========== 压缩过程 ==========
[输入] 382 bytes
[MATCH  ] pos=16 '<html>' -> token=[0x80-><html>] 节省=5
[MATCH  ] pos=23 '<head>' -> token=[0x82-><head>] 节省=5
[MATCH  ] pos=34 '<meta ' -> token=[0x9F-><meta ] 节省=5
[MATCH  ] pos=40 'charset="utf-8"' -> token=[0xB6->charset="utf-8"] 节省=14
[MATCH  ] pos=93 '<link ' -> token=[0x9E-><link ] 节省=5
[MATCH  ] pos=99 'rel="' -> token=[0xB8->rel="] 节省=4
[MATCH  ] pos=116 'href="' -> token=[0xB0->href="] 节省=5
[MATCH  ] pos=134 '</head>' -> token=[0x83-></head>] 节省=6
[MATCH  ] pos=142 '<body>' -> token=[0x84-><body>] 节省=5
[MATCH  ] pos=153 '<header>' -> token=[0xA0-><header>] 节省=7
[MATCH  ] pos=161 '<nav>' -> token=[0xA6-><nav>] 节省=4
[MATCH  ] pos=166 '<main>' -> token=[0xA4-><main>] 节省=5
[MATCH  ] pos=186 'class="' -> token=[0xAC->class="] 节省=6
[MATCH  ] pos=217 '<h1>' -> token=[0xA8-><h1>] 节省=3
[MATCH  ] pos=228 '</h1>' -> token=[0xA9-></h1>] 节省=4
[MATCH  ] pos=246 '<p>' -> token=[0x8A-><p>] 节省=2
[MATCH  ] pos=268 '</p>' -> token=[0x8B-></p>] 节省=3
[MATCH  ] pos=288 'href="' -> token=[0xB0->href="] 节省=5
[MATCH  ] pos=294 'https://' -> token=[0xDA->https://] 节省=7
[MATCH  ] pos=319 '</a>' -> token=[0x8D-></a>] 节省=3
[MATCH  ] pos=332 '</div>' -> token=[0x87-></div>] 节省=5
[MATCH  ] pos=343 '</main>' -> token=[0xA5-></main>] 节省=6
[MATCH  ] pos=350 '</nav>' -> token=[0xA7-></nav>] 节省=5
[MATCH  ] pos=356 '</header>' -> token=[0xA1-></header>] 节省=8
[MATCH  ] pos=366 '</body>' -> token=[0x85-></body>] 节省=6
[MATCH  ] pos=374 '</html>' -> token=[0x81-></html>] 节省=6
[输出] 243 bytes
==============================


[压缩统计]
  - 匹配次数: 26
  - 节省字节: 139
[最终结果] 原始=382 压缩后=248 压缩率=35.08%
╔══════════════════════════════════════════════════════════════════╗
║           WebDictCompressor.compress 结束                    ║
╚══════════════════════════════════════════════════════════════════╝

Complex HTML - Original: 382 bytes, Compressed: 248 bytes
Ratio: 35.08%


╔══════════════════════════════════════════════════════════════════╗
║           WebDictCompressor.decompress 开始                   ║
╚══════════════════════════════════════════════════════════════════╝
[压缩数据] 长度=248 bytes

========== 解压过程 ==========
[输入] 243 bytes
[MATCH  ] pos=16 token=[0x80-><html>] -> '<html>'
[MATCH  ] pos=18 token=[0x82-><head>] -> '<head>'
[MATCH  ] pos=24 token=[0x9F-><meta ] -> '<meta '
[MATCH  ] pos=25 token=[0xB6->charset="utf-8"] -> 'charset="utf-8"'
[MATCH  ] pos=64 token=[0x9E-><link ] -> '<link '
[MATCH  ] pos=65 token=[0xB8->rel="] -> 'rel="'
[MATCH  ] pos=78 token=[0xB0->href="] -> 'href="'
[MATCH  ] pos=91 token=[0x83-></head>] -> '</head>'
[MATCH  ] pos=93 token=[0x84-><body>] -> '<body>'
[MATCH  ] pos=99 token=[0xA0-><header>] -> '<header>'
[MATCH  ] pos=100 token=[0xA6-><nav>] -> '<nav>'
[MATCH  ] pos=101 token=[0xA4-><main>] -> '<main>'
[MATCH  ] pos=116 token=[0xAC->class="] -> 'class="'
[MATCH  ] pos=141 token=[0xA8-><h1>] -> '<h1>'
[MATCH  ] pos=149 token=[0xA9-></h1>] -> '</h1>'
[MATCH  ] pos=163 token=[0x8A-><p>] -> '<p>'
[MATCH  ] pos=183 token=[0x8B-></p>] -> '</p>'
[MATCH  ] pos=200 token=[0xB0->href="] -> 'href="'
[MATCH  ] pos=201 token=[0xDA->https://] -> 'https://'
[MATCH  ] pos=219 token=[0x8D-></a>] -> '</a>'
[MATCH  ] pos=229 token=[0x87-></div>] -> '</div>'
[MATCH  ] pos=235 token=[0xA5-></main>] -> '</main>'
[MATCH  ] pos=236 token=[0xA7-></nav>] -> '</nav>'
[MATCH  ] pos=237 token=[0xA1-></header>] -> '</header>'
[MATCH  ] pos=239 token=[0x85-></body>] -> '</body>'
[MATCH  ] pos=241 token=[0x81-></html>] -> '</html>'
[输出] 382 bytes
=============================


[解压结果] 还原后=382 bytes
╔══════════════════════════════════════════════════════════════════╗
║           WebDictCompressor.decompress 结束                   ║
╚══════════════════════════════════════════════════════════════════╝

]]></system-out>
  </testcase>
  <testcase name="testCompressAndDecompressCSS" classname="compressor.algorithms.WebDictCompressorTest" time="0.002">
    <system-out><![CDATA[

╔══════════════════════════════════════════════════════════════════╗
║           WebDictCompressor.compress 开始                    ║
╚══════════════════════════════════════════════════════════════════╝
[原始数据] 长度=154 bytes

========== 压缩过程 ==========
[输入] 154 bytes
[MATCH  ] pos=27 'color:' -> token=[0xC0->color:] 节省=5
[MATCH  ] pos=59 'width:' -> token=[0xC4->width:] 节省=5
[MATCH  ] pos=74 'margin:' -> token=[0xC2->margin:] 节省=6
[MATCH  ] pos=90 'padding:' -> token=[0xC3->padding:] 节省=7
[MATCH  ] pos=138 'height:' -> token=[0xC5->height:] 节省=6
[输出] 125 bytes
==============================


[压缩统计]
  - 匹配次数: 5
  - 节省字节: 29
[最终结果] 原始=154 压缩后=130 压缩率=15.58%
╔══════════════════════════════════════════════════════════════════╗
║           WebDictCompressor.compress 结束                    ║
╚══════════════════════════════════════════════════════════════════╝

CSS - Original: 154 bytes, Compressed: 130 bytes


╔══════════════════════════════════════════════════════════════════╗
║           WebDictCompressor.decompress 开始                   ║
╚══════════════════════════════════════════════════════════════════╝
[压缩数据] 长度=130 bytes

========== 解压过程 ==========
[输入] 125 bytes
[MATCH  ] pos=27 token=[0xC0->color:] -> 'color:'
[MATCH  ] pos=54 token=[0xC4->width:] -> 'width:'
[MATCH  ] pos=64 token=[0xC2->margin:] -> 'margin:'
[MATCH  ] pos=74 token=[0xC3->padding:] -> 'padding:'
[MATCH  ] pos=115 token=[0xC5->height:] -> 'height:'
[输出] 154 bytes
=============================


[解压结果] 还原后=154 bytes
╔══════════════════════════════════════════════════════════════════╗
║           WebDictCompressor.decompress 结束                   ║
╚══════════════════════════════════════════════════════════════════╝

]]></system-out>
  </testcase>
  <testcase name="testInvalidFormat" classname="compressor.algorithms.WebDictCompressorTest" time="0.001">
    <system-out><![CDATA[

╔══════════════════════════════════════════════════════════════════╗
║           WebDictCompressor.decompress 开始                   ║
╚══════════════════════════════════════════════════════════════════╝
[压缩数据] 长度=7 bytes
]]></system-out>
  </testcase>
  <testcase name="testMultipleOccurrences" classname="compressor.algorithms.WebDictCompressorTest" time="0.001">
    <system-out><![CDATA[

╔══════════════════════════════════════════════════════════════════╗
║           WebDictCompressor.compress 开始                    ║
╚══════════════════════════════════════════════════════════════════╝
[原始数据] 长度=59 bytes

========== 压缩过程 ==========
[输入] 59 bytes
[MATCH  ] pos=0 '<html>' -> token=[0x80-><html>] 节省=5
[MATCH  ] pos=6 '<body>' -> token=[0x84-><body>] 节省=5
[MATCH  ] pos=12 '<div>' -> token=[0x86-><div>] 节省=4
[MATCH  ] pos=17 '</div>' -> token=[0x87-></div>] 节省=5
[MATCH  ] pos=23 '<div>' -> token=[0x86-><div>] 节省=4
[MATCH  ] pos=28 '</div>' -> token=[0x87-></div>] 节省=5
[MATCH  ] pos=34 '<div>' -> token=[0x86-><div>] 节省=4
[MATCH  ] pos=39 '</div>' -> token=[0x87-></div>] 节省=5
[MATCH  ] pos=45 '</body>' -> token=[0x85-></body>] 节省=6
[MATCH  ] pos=52 '</html>' -> token=[0x81-></html>] 节省=6
[输出] 10 bytes
==============================


[压缩统计]
  - 匹配次数: 10
  - 节省字节: 49
[最终结果] 原始=59 压缩后=15 压缩率=74.58%
╔══════════════════════════════════════════════════════════════════╗
║           WebDictCompressor.compress 结束                    ║
╚══════════════════════════════════════════════════════════════════╝

Multiple div tags - Original: 59, Compressed: 15


╔══════════════════════════════════════════════════════════════════╗
║           WebDictCompressor.decompress 开始                   ║
╚══════════════════════════════════════════════════════════════════╝
[压缩数据] 长度=15 bytes

========== 解压过程 ==========
[输入] 10 bytes
[MATCH  ] pos=0 token=[0x80-><html>] -> '<html>'
[MATCH  ] pos=1 token=[0x84-><body>] -> '<body>'
[MATCH  ] pos=2 token=[0x86-><div>] -> '<div>'
[MATCH  ] pos=3 token=[0x87-></div>] -> '</div>'
[MATCH  ] pos=4 token=[0x86-><div>] -> '<div>'
[MATCH  ] pos=5 token=[0x87-></div>] -> '</div>'
[MATCH  ] pos=6 token=[0x86-><div>] -> '<div>'
[MATCH  ] pos=7 token=[0x87-></div>] -> '</div>'
[MATCH  ] pos=8 token=[0x85-></body>] -> '</body>'
[MATCH  ] pos=9 token=[0x81-></html>] -> '</html>'
[输出] 59 bytes
=============================


[解压结果] 还原后=59 bytes
╔══════════════════════════════════════════════════════════════════╗
║           WebDictCompressor.decompress 结束                   ║
╚══════════════════════════════════════════════════════════════════╝

]]></system-out>
  </testcase>
  <testcase name="testDictionarySize" classname="compressor.algorithms.WebDictCompressorTest" time="0.001">
    <system-out><![CDATA[字典大小: 112
]]></system-out>
  </testcase>
  <testcase name="testCompressAndDecompressJS" classname="compressor.algorithms.WebDictCompressorTest" time="0.001">
    <system-out><![CDATA[

╔══════════════════════════════════════════════════════════════════╗
║           WebDictCompressor.compress 开始                    ║
╚══════════════════════════════════════════════════════════════════╝
[原始数据] 长度=183 bytes

========== 压缩过程 ==========
[输入] 183 bytes
[MATCH  ] pos=0 'function ' -> token=[0xC6->function ] 节省=8
[MATCH  ] pos=22 'var ' -> token=[0xC9->var ] 节省=3
[MATCH  ] pos=72 'if (' -> token=[0xCC->if (] 节省=3
[MATCH  ] pos=116 '<div>' -> token=[0x86-><div>] 节省=4
[MATCH  ] pos=127 '</div>' -> token=[0x87-></div>] 节省=5
[MATCH  ] pos=146 'return ' -> token=[0xC8->return ] 节省=6
[MATCH  ] pos=153 'true' -> token=[0xD7->true] 节省=3
[输出] 151 bytes
==============================


[压缩统计]
  - 匹配次数: 7
  - 节省字节: 32
[最终结果] 原始=183 压缩后=156 压缩率=14.75%
╔══════════════════════════════════════════════════════════════════╗
║           WebDictCompressor.compress 结束                    ║
╚══════════════════════════════════════════════════════════════════╝

JS - Original: 183 bytes, Compressed: 156 bytes


╔══════════════════════════════════════════════════════════════════╗
║           WebDictCompressor.decompress 开始                   ║
╚══════════════════════════════════════════════════════════════════╝
[压缩数据] 长度=156 bytes

========== 解压过程 ==========
[输入] 151 bytes
[MATCH  ] pos=0 token=[0xC6->function ] -> 'function '
[MATCH  ] pos=14 token=[0xC9->var ] -> 'var '
[MATCH  ] pos=61 token=[0xCC->if (] -> 'if ('
[MATCH  ] pos=102 token=[0x86-><div>] -> '<div>'
[MATCH  ] pos=109 token=[0x87-></div>] -> '</div>'
[MATCH  ] pos=123 token=[0xC8->return ] -> 'return '
[MATCH  ] pos=124 token=[0xD7->true] -> 'true'
[输出] 183 bytes
=============================


[解压结果] 还原后=183 bytes
╔══════════════════════════════════════════════════════════════════╗
║           WebDictCompressor.decompress 结束                   ║
╚══════════════════════════════════════════════════════════════════╝

]]></system-out>
  </testcase>
  <testcase name="testCompressAndDecompressSimpleHTML" classname="compressor.algorithms.WebDictCompressorTest" time="0.0">
    <system-out><![CDATA[

╔══════════════════════════════════════════════════════════════════╗
║           WebDictCompressor.compress 开始                    ║
╚══════════════════════════════════════════════════════════════════╝
[原始数据] 长度=80 bytes

========== 压缩过程 ==========
[输入] 80 bytes
[MATCH  ] pos=0 '<html>' -> token=[0x80-><html>] 节省=5
[MATCH  ] pos=6 '<head>' -> token=[0x82-><head>] 节省=5
[MATCH  ] pos=31 '</head>' -> token=[0x83-></head>] 节省=6
[MATCH  ] pos=38 '<body>' -> token=[0x84-><body>] 节省=5
[MATCH  ] pos=44 '<div>' -> token=[0x86-><div>] 节省=4
[MATCH  ] pos=60 '</div>' -> token=[0x87-></div>] 节省=5
[MATCH  ] pos=66 '</body>' -> token=[0x85-></body>] 节省=6
[MATCH  ] pos=73 '</html>' -> token=[0x81-></html>] 节省=6
[输出] 38 bytes
==============================


[压缩统计]
  - 匹配次数: 8
  - 节省字节: 42
[最终结果] 原始=80 压缩后=43 压缩率=46.25%
╔══════════════════════════════════════════════════════════════════╗
║           WebDictCompressor.compress 结束                    ║
╚══════════════════════════════════════════════════════════════════╝



╔══════════════════════════════════════════════════════════════════╗
║           WebDictCompressor.decompress 开始                   ║
╚══════════════════════════════════════════════════════════════════╝
[压缩数据] 长度=43 bytes

========== 解压过程 ==========
[输入] 38 bytes
[MATCH  ] pos=0 token=[0x80-><html>] -> '<html>'
[MATCH  ] pos=1 token=[0x82-><head>] -> '<head>'
[MATCH  ] pos=21 token=[0x83-></head>] -> '</head>'
[MATCH  ] pos=22 token=[0x84-><body>] -> '<body>'
[MATCH  ] pos=23 token=[0x86-><div>] -> '<div>'
[MATCH  ] pos=35 token=[0x87-></div>] -> '</div>'
[MATCH  ] pos=36 token=[0x85-></body>] -> '</body>'
[MATCH  ] pos=37 token=[0x81-></html>] -> '</html>'
[输出] 80 bytes
=============================


[解压结果] 还原后=80 bytes
╔══════════════════════════════════════════════════════════════════╗
║           WebDictCompressor.decompress 结束                   ║
╚══════════════════════════════════════════════════════════════════╝

]]></system-out>
  </testcase>
  <testcase name="testSingleSymbolData" classname="compressor.algorithms.WebDictCompressorTest" time="0.002">
    <system-out><![CDATA[

╔══════════════════════════════════════════════════════════════════╗
║           WebDictCompressor.compress 开始                    ║
╚══════════════════════════════════════════════════════════════════╝
[原始数据] 长度=1000 bytes

========== 压缩过程 ==========
[输入] 1000 bytes
[输出] 1000 bytes
==============================


[压缩统计]
  - 匹配次数: 0
  - 节省字节: 0
[最终结果] 原始=1000 压缩后=1005 压缩率=-0.50%
╔══════════════════════════════════════════════════════════════════╗
║           WebDictCompressor.compress 结束                    ║
╚══════════════════════════════════════════════════════════════════╝



╔══════════════════════════════════════════════════════════════════╗
║           WebDictCompressor.decompress 开始                   ║
╚══════════════════════════════════════════════════════════════════╝
[压缩数据] 长度=1005 bytes

========== 解压过程 ==========
[输入] 1000 bytes
[输出] 1000 bytes
=============================


[解压结果] 还原后=1000 bytes
╔══════════════════════════════════════════════════════════════════╗
║           WebDictCompressor.decompress 结束                   ║
╚══════════════════════════════════════════════════════════════════╝

]]></system-out>
  </testcase>
</testsuite>