<?xml version="1.0" encoding="UTF-8"?>
<testsuite xmlns:xsi="http://www.w3.org/2001/XMLSchema-instance" xsi:noNamespaceSchemaLocation="https://maven.apache.org/surefire/maven-surefire-plugin/xsd/surefire-test-report.xsd" version="3.0.2" name="compressor.algorithms.BrotliCompressorTest" time="0.057" tests="10" errors="0" skipped="0" failures="0">
  <properties>
[...]
</properties>
  <testcase name="testChineseContent" classname="compressor.algorithms.BrotliCompressorTest" time="0.019">
    <system-out><![CDATA[

╔══════════════════════════════════════════════════════════════════╗
║           BrotliCompressor.compress 开始                       ║
╚══════════════════════════════════════════════════════════════════╝
[原始数据] 长度=66 bytes
[压缩结果] 压缩后=75 bytes
[压缩比]   -13.64%
╔══════════════════════════════════════════════════════════════════╗
║           BrotliCompressor.compress 结束                        ║
╚══════════════════════════════════════════════════════════════════╝

Chinese - Original: 66 bytes, Compressed: 75 bytes


╔══════════════════════════════════════════════════════════════════╗
║           BrotliCompressor.decompress 开始                      ║
╚══════════════════════════════════════════════════════════════════╝
[压缩数据] 长度=75 bytes
[解压结果] 还原后=66 bytes
╔══════════════════════════════════════════════════════════════════╗
║           BrotliCompressor.decompress 结束                      ║
╚══════════════════════════════════════════════════════════════════╝

]]></system-out>
  </testcase>
  <testcase name="testEmptyData" classname="compressor.algorithms.BrotliCompressorTest" time="0.001"/>
  <testcase name="testCompressAndDecompressComplexHTML" classname="compressor.algorithms.BrotliCompressorTest" time="0.002">
    <system-out><![CDATA[

╔══════════════════════════════════════════════════════════════════╗
║           BrotliCompressor.compress 开始                       ║
╚══════════════════════════════════════════════════════════════════╝
[原始数据] 长度=382 bytes
[压缩结果] 压缩后=229 bytes
[压缩比]   40.05%
╔══════════════════════════════════════════════════════════════════╗
║           BrotliCompressor.compress 结束                        ║
╚══════════════════════════════════════════════════════════════════╝

Complex HTML - Original: 382 bytes, Compressed: 229 bytes
Ratio: 40.05%
[null] 原始: 382 bytes | 压缩后: 229 bytes | 压缩率: 59.95% | 节省: 40.05% | 耗时: 0ms


╔══════════════════════════════════════════════════════════════════╗
║           BrotliCompressor.decompress 开始                      ║
╚══════════════════════════════════════════════════════════════════╝
[压缩数据] 长度=229 bytes
[解压结果] 还原后=382 bytes
╔══════════════════════════════════════════════════════════════════╗
║           BrotliCompressor.decompress 结束                      ║
╚══════════════════════════════════════════════════════════════════╝

]]></system-out>
  </testcase>
  <testcase name="testCompressAndDecompressCSS" classname="compressor.algorithms.BrotliCompressorTest" time="0.001">
    <system-out><![CDATA[

╔══════════════════════════════════════════════════════════════════╗
║           BrotliCompressor.compress 开始                       ║
╚══════════════════════════════════════════════════════════════════╝
[原始数据] 长度=154 bytes
[压缩结果] 压缩后=130 bytes
[压缩比]   15.58%
╔══════════════════════════════════════════════════════════════════╗
║           BrotliCompressor.compress 结束                        ║
╚══════════════════════════════════════════════════════════════════╝

CSS - Original: 154 bytes, Compressed: 130 bytes


╔══════════════════════════════════════════════════════════════════╗
║           BrotliCompressor.decompress 开始                      ║
╚══════════════════════════════════════════════════════════════════╝
[压缩数据] 长度=130 bytes
[解压结果] 还原后=154 bytes
╔══════════════════════════════════════════════════════════════════╗
║           BrotliCompressor.decompress 结束                      ║
╚══════════════════════════════════════════════════════════════════╝

]]></system-out>
  </testcase>
  <testcase name="testCompareWithGZip" classname="compressor.algorithms.BrotliCompressorTest" time="0.003">
    <system-out><![CDATA[

╔══════════════════════════════════════════════════════════════════╗
║           BrotliCompressor.compress 开始                       ║
╚══════════════════════════════════════════════════════════════════╝
[原始数据] 长度=226 bytes
[压缩结果] 压缩后=160 bytes
[压缩比]   29.20%
╔══════════════════════════════════════════════════════════════════╗
║           BrotliCompressor.compress 结束                        ║
╚══════════════════════════════════════════════════════════════════╝

Comparison:
Original: 226
Brotli: 160 (29.20%)
GZIP: 174 (23.01%)
]]></system-out>
  </testcase>
  <testcase name="testInvalidFormat" classname="compressor.algorithms.BrotliCompressorTest" time="0.001">
    <system-out><![CDATA[

╔══════════════════════════════════════════════════════════════════╗
║           BrotliCompressor.decompress 开始                      ║
╚══════════════════════════════════════════════════════════════════╝
[压缩数据] 长度=7 bytes
]]></system-out>
  </testcase>
  <testcase name="testMultipleOccurrences" classname="compressor.algorithms.BrotliCompressorTest" time="0.002">
    <system-out><![CDATA[

╔══════════════════════════════════════════════════════════════════╗
║           BrotliCompressor.compress 开始                       ║
╚══════════════════════════════════════════════════════════════════╝
[原始数据] 长度=59 bytes
[压缩结果] 压缩后=34 bytes
[压缩比]   42.37%
╔══════════════════════════════════════════════════════════════════╗
║           BrotliCompressor.compress 结束                        ║
╚══════════════════════════════════════════════════════════════════╝

Multiple div tags - Original: 59, Compressed: 34


╔══════════════════════════════════════════════════════════════════╗
║           BrotliCompressor.decompress 开始                      ║
╚══════════════════════════════════════════════════════════════════╝
[压缩数据] 长度=34 bytes
[解压结果] 还原后=59 bytes
╔══════════════════════════════════════════════════════════════════╗
║           BrotliCompressor.decompress 结束                      ║
╚══════════════════════════════════════════════════════════════════╝

]]></system-out>
  </testcase>
  <testcase name="testCompressAndDecompressJS" classname="compressor.algorithms.BrotliCompressorTest" time="0.002">
    <system-out><![CDATA[

╔══════════════════════════════════════════════════════════════════╗
║           BrotliCompressor.compress 开始                       ║
╚══════════════════════════════════════════════════════════════════╝
[原始数据] 长度=183 bytes
[压缩结果] 压缩后=141 bytes
[压缩比]   22.95%
╔══════════════════════════════════════════════════════════════════╗
║           BrotliCompressor.compress 结束                        ║
╚══════════════════════════════════════════════════════════════════╝

JS - Original: 183 bytes, Compressed: 141 bytes
[null] 原始: 183 bytes | 压缩后: 141 bytes | 压缩率: 77.05% | 节省: 22.95% | 耗时: 0ms


╔══════════════════════════════════════════════════════════════════╗
║           BrotliCompressor.decompress 开始                      ║
╚══════════════════════════════════════════════════════════════════╝
[压缩数据] 长度=141 bytes
[解压结果] 还原后=183 bytes
╔══════════════════════════════════════════════════════════════════╗
║           BrotliCompressor.decompress 结束                      ║
╚══════════════════════════════════════════════════════════════════╝

]]></system-out>
  </testcase>
  <testcase name="testCompressAndDecompressSimpleHTML" classname="compressor.algorithms.BrotliCompressorTest" time="0.001">
    <system-out><![CDATA[

╔══════════════════════════════════════════════════════════════════╗
║           BrotliCompressor.compress 开始                       ║
╚══════════════════════════════════════════════════════════════════╝
[原始数据] 长度=80 bytes
[压缩结果] 压缩后=68 bytes
[压缩比]   15.00%
╔══════════════════════════════════════════════════════════════════╗
║           BrotliCompressor.compress 结束                        ║
╚══════════════════════════════════════════════════════════════════╝

HTML - Original: 80 bytes, Compressed: 68 bytes


╔══════════════════════════════════════════════════════════════════╗
║           BrotliCompressor.decompress 开始                      ║
╚══════════════════════════════════════════════════════════════════╝
[压缩数据] 长度=68 bytes
[解压结果] 还原后=80 bytes
╔══════════════════════════════════════════════════════════════════╗
║           BrotliCompressor.decompress 结束                      ║
╚══════════════════════════════════════════════════════════════════╝

]]></system-out>
  </testcase>
  <testcase name="testSingleSymbolData" classname="compressor.algorithms.BrotliCompressorTest" time="0.001">
    <system-out><![CDATA[

╔══════════════════════════════════════════════════════════════════╗
║           BrotliCompressor.compress 开始                       ║
╚══════════════════════════════════════════════════════════════════╝
[原始数据] 长度=1000 bytes
[压缩结果] 压缩后=15 bytes
[压缩比]   98.50%
╔══════════════════════════════════════════════════════════════════╗
║           BrotliCompressor.compress 结束                        ║
╚══════════════════════════════════════════════════════════════════╝



╔══════════════════════════════════════════════════════════════════╗
║           BrotliCompressor.decompress 开始                      ║
╚══════════════════════════════════════════════════════════════════╝
[压缩数据] 长度=15 bytes
[解压结果] 还原后=1000 bytes
╔══════════════════════════════════════════════════════════════════╗
║           BrotliCompressor.decompress 结束                      ║
╚══════════════════════════════════════════════════════════════════╝

]]></system-out>
  </testcase>
</testsuite>