<?xml version="1.0" encoding="UTF-8"?>
<testsuite xmlns:xsi="http://www.w3.org/2001/XMLSchema-instance" xsi:noNamespaceSchemaLocation="https://maven.apache.org/surefire/maven-surefire-plugin/xsd/surefire-test-report.xsd" version="3.0.2" name="compressor.model.IncrementalCompressorTest" time="0.077" tests="10" errors="0" skipped="0" failures="0">
  <properties>
[...]
</properties>
  <testcase name="testCompressionManifestHasChanged" classname="compressor.model.IncrementalCompressorTest" time="0.047"/>
  <testcase name="testFileFingerprintCompressionStats" classname="compressor.model.IncrementalCompressorTest" time="0.002"/>
  <testcase name="testCompressionManifestSaveAndLoad" classname="compressor.model.IncrementalCompressorTest" time="0.008"/>
  <testcase name="testFileFingerprintContentEquals" classname="compressor.model.IncrementalCompressorTest" time="0.002"/>
  <testcase name="testTransferSimulatorAllProfiles" classname="compressor.model.IncrementalCompressorTest" time="0.003"/>
  <testcase name="testTransferSimulatorEstimate" classname="compressor.model.IncrementalCompressorTest" time="0.001"/>
  <testcase name="testFileFingerprintCreation" classname="compressor.model.IncrementalCompressorTest" time="0.001"/>
  <testcase name="testTransferEstimateSavingsPercent" classname="compressor.model.IncrementalCompressorTest" time="0.001"/>
  <testcase name="testManifestOverallStats" classname="compressor.model.IncrementalCompressorTest" time="0.001"/>
  <testcase name="testTransferSimulatorGenerateReport" classname="compressor.model.IncrementalCompressorTest" time="0.001"/>
</testsuite>